+----+--------+------------+------+
| id | name   | birthday   | age  |
+----+--------+------------+------+
|  1 | user1  | 1980-01-01 |   40 |
|  2 | user2  | 1981-02-03 |   39 |
|  3 | user3  | 1982-05-06 |   37 |
|  4 | user4  | 1985-01-03 |   35 |
|  5 | user5  | 1986-05-01 |   33 |
|  6 | user6  | 1987-09-30 |   32 |
|  7 | user7  | 1991-03-31 |   28 |
|  8 | user8  | 1993-12-12 |   26 |
|  9 | user9  | 1996-09-01 |   23 |
| 10 | user10 | 2001-07-26 |   18 |
+----+--------+------------+------+
10 rows in set (0.00 sec)

+----------+
| AVG(age) |
+----------+
|  31.1000 |
+----------+
1 row in set (0.00 sec)

+-----------------+
| FLOOR(AVG(age)) |
+-----------------+
|              31 |
+-----------------+
1 row in set (0.00 sec)
