+----+--------+------------+------------------------+
| id | name   | birthday   | birthdayname_this_year |
+----+--------+------------+------------------------+
|  1 | user1  | 1980-01-01 | Wednesday              |
|  2 | user2  | 1981-02-03 | Monday                 |
|  3 | user3  | 1982-05-06 | Wednesday              |
|  4 | user4  | 1985-01-03 | Friday                 |
|  5 | user5  | 1986-05-01 | Friday                 |
|  6 | user6  | 1987-09-30 | Wednesday              |
|  7 | user7  | 1991-03-31 | Tuesday                |
|  8 | user8  | 1993-12-12 | Saturday               |
|  9 | user9  | 1996-09-01 | Tuesday                |
| 10 | user10 | 2001-07-26 | Sunday                 |
+----+--------+------------+------------------------+
10 rows in set (0.00 sec)

+----------+------------------------+
| COUNT(*) | birthdayname_this_year |
+----------+------------------------+
|        2 | Friday                 |
|        1 | Monday                 |
|        1 | Saturday               |
|        1 | Sunday                 |
|        2 | Tuesday                |
|        3 | Wednesday              |
+----------+------------------------+
6 rows in set (0.00 sec)
